<?xml version="1.0" encoding="UTF-8"?>
<!-- Generated by org.testng.reporters.JUnitXMLReporter -->
<testsuite hostname="RAVI-PC" ignored="0" name="Default test" tests="4" failures="0" timestamp="26 Jun 2020 08:06:39 GMT" time="30.893" errors="0">
  <testcase name="loginWithAdmin" time="10.908" classname="com.qa.orangehrm.testcases.UsersPageTest"/>
  <testcase name="homepageTest" time="2.419" classname="com.qa.orangehrm.testcases.UsersPageTest"/>
  <testcase name="adminPageTest" time="0.066" classname="com.qa.orangehrm.testcases.UsersPageTest"/>
  <testcase name="logoutFromAdmin" time="2.823" classname="com.qa.orangehrm.testcases.UsersPageTest"/>
</testsuite> <!-- Default test -->
