<?xml version="1.0" encoding="UTF-8"?>
<testng-results skipped="0" failed="0" ignored="0" total="1" passed="1">
  <reporter-output>
  </reporter-output>
  <suite name="Orange HRM Regression Suite" duration-ms="29895" started-at="2020-07-03T06:34:33Z" finished-at="2020-07-03T06:35:03Z">
    <groups>
    </groups>
    <test name="Orange HRM Functional Regression Test" duration-ms="29895" started-at="2020-07-03T06:34:33Z" finished-at="2020-07-03T06:35:03Z">
      <class name="com.qa.orangehrm.testcases.CreateUser">
        <test-method status="PASS" signature="setupReport()[pri:0, instance:com.qa.orangehrm.testcases.CreateUser@4566e5bd]" name="setupReport" is-config="true" duration-ms="426" started-at="2020-07-03T06:34:33Z" finished-at="2020-07-03T06:34:33Z">
          <reporter-output>
          </reporter-output>
        </test-method> <!-- setupReport -->
        <test-method status="PASS" signature="startSession()[pri:0, instance:com.qa.orangehrm.testcases.CreateUser@4566e5bd]" name="startSession" is-config="true" duration-ms="9716" started-at="2020-07-03T06:34:33Z" finished-at="2020-07-03T06:34:43Z">
          <reporter-output>
          </reporter-output>
        </test-method> <!-- startSession -->
        <test-method status="PASS" signature="createUsers()[pri:0, instance:com.qa.orangehrm.testcases.CreateUser@4566e5bd]" name="createUsers" duration-ms="18164" started-at="2020-07-03T06:34:43Z" finished-at="2020-07-03T06:35:01Z">
          <reporter-output>
          </reporter-output>
        </test-method> <!-- createUsers -->
        <test-method status="PASS" signature="tearDownReport(org.testng.ITestResult)[pri:0, instance:com.qa.orangehrm.testcases.CreateUser@4566e5bd]" name="tearDownReport" is-config="true" duration-ms="1106" started-at="2020-07-03T06:35:01Z" finished-at="2020-07-03T06:35:02Z">
          <params>
            <param index="0">
              <value>
                <![CDATA[[TestResult name=createUsers status=SUCCESS method=CreateUser.createUsers()[pri:0, instance:com.qa.orangehrm.testcases.CreateUser@4566e5bd] output={null}]]]>
              </value>
            </param>
          </params>
          <reporter-output>
          </reporter-output>
        </test-method> <!-- tearDownReport -->
        <test-method status="PASS" signature="closeSession()[pri:0, instance:com.qa.orangehrm.testcases.CreateUser@4566e5bd]" name="closeSession" is-config="true" duration-ms="868" started-at="2020-07-03T06:35:02Z" finished-at="2020-07-03T06:35:03Z">
          <reporter-output>
          </reporter-output>
        </test-method> <!-- closeSession -->
      </class> <!-- com.qa.orangehrm.testcases.CreateUser -->
    </test> <!-- Orange HRM Functional Regression Test -->
  </suite> <!-- Orange HRM Regression Suite -->
</testng-results>
