<?xml version="1.0" encoding="UTF-8"?>
<testng-results skipped="0" failed="0" ignored="0" total="4" passed="4">
  <reporter-output>
  </reporter-output>
  <suite name="Default suite" duration-ms="30893" started-at="2020-06-26T08:06:08Z" finished-at="2020-06-26T08:06:39Z">
    <groups>
    </groups>
    <test name="Default test" duration-ms="30893" started-at="2020-06-26T08:06:08Z" finished-at="2020-06-26T08:06:39Z">
      <class name="com.qa.orangehrm.testcases.UsersPageTest">
        <test-method status="PASS" signature="setupReport()[pri:0, instance:com.qa.orangehrm.testcases.UsersPageTest@ff5b51f]" name="setupReport" is-config="true" duration-ms="395" started-at="2020-06-26T08:06:08Z" finished-at="2020-06-26T08:06:08Z">
          <reporter-output>
          </reporter-output>
        </test-method> <!-- setupReport -->
        <test-method status="PASS" signature="startSession()[pri:0, instance:com.qa.orangehrm.testcases.UsersPageTest@ff5b51f]" name="startSession" is-config="true" duration-ms="10445" started-at="2020-06-26T08:06:08Z" finished-at="2020-06-26T08:06:19Z">
          <reporter-output>
          </reporter-output>
        </test-method> <!-- startSession -->
        <test-method status="PASS" signature="loginWithAdmin()[pri:1, instance:com.qa.orangehrm.testcases.UsersPageTest@ff5b51f]" name="loginWithAdmin" duration-ms="10908" started-at="2020-06-26T08:06:19Z" description="loginpage test" finished-at="2020-06-26T08:06:29Z">
          <reporter-output>
          </reporter-output>
        </test-method> <!-- loginWithAdmin -->
        <test-method status="PASS" signature="tearDownReport(org.testng.ITestResult)[pri:0, instance:com.qa.orangehrm.testcases.UsersPageTest@ff5b51f]" name="tearDownReport" is-config="true" duration-ms="1498" started-at="2020-06-26T08:06:29Z" finished-at="2020-06-26T08:06:31Z">
          <params>
            <param index="0">
              <value>
                <![CDATA[[TestResult name=loginWithAdmin status=SUCCESS method=UsersPageTest.loginWithAdmin()[pri:1, instance:com.qa.orangehrm.testcases.UsersPageTest@ff5b51f] output={null}]]]>
              </value>
            </param>
          </params>
          <reporter-output>
          </reporter-output>
        </test-method> <!-- tearDownReport -->
        <test-method status="PASS" signature="homepageTest()[pri:2, instance:com.qa.orangehrm.testcases.UsersPageTest@ff5b51f]" name="homepageTest" duration-ms="2419" started-at="2020-06-26T08:06:31Z" finished-at="2020-06-26T08:06:33Z">
          <reporter-output>
          </reporter-output>
        </test-method> <!-- homepageTest -->
        <test-method status="PASS" signature="tearDownReport(org.testng.ITestResult)[pri:0, instance:com.qa.orangehrm.testcases.UsersPageTest@ff5b51f]" name="tearDownReport" is-config="true" duration-ms="592" started-at="2020-06-26T08:06:33Z" finished-at="2020-06-26T08:06:34Z">
          <params>
            <param index="0">
              <value>
                <![CDATA[[TestResult name=homepageTest status=SUCCESS method=UsersPageTest.homepageTest()[pri:2, instance:com.qa.orangehrm.testcases.UsersPageTest@ff5b51f] output={null}]]]>
              </value>
            </param>
          </params>
          <reporter-output>
          </reporter-output>
        </test-method> <!-- tearDownReport -->
        <test-method status="PASS" signature="adminPageTest()[pri:3, instance:com.qa.orangehrm.testcases.UsersPageTest@ff5b51f]" name="adminPageTest" duration-ms="66" started-at="2020-06-26T08:06:34Z" finished-at="2020-06-26T08:06:34Z">
          <reporter-output>
          </reporter-output>
        </test-method> <!-- adminPageTest -->
        <test-method status="PASS" signature="tearDownReport(org.testng.ITestResult)[pri:0, instance:com.qa.orangehrm.testcases.UsersPageTest@ff5b51f]" name="tearDownReport" is-config="true" duration-ms="530" started-at="2020-06-26T08:06:34Z" finished-at="2020-06-26T08:06:35Z">
          <params>
            <param index="0">
              <value>
                <![CDATA[[TestResult name=adminPageTest status=SUCCESS method=UsersPageTest.adminPageTest()[pri:3, instance:com.qa.orangehrm.testcases.UsersPageTest@ff5b51f] output={null}]]]>
              </value>
            </param>
          </params>
          <reporter-output>
          </reporter-output>
        </test-method> <!-- tearDownReport -->
        <test-method status="PASS" signature="logoutFromAdmin()[pri:5, instance:com.qa.orangehrm.testcases.UsersPageTest@ff5b51f]" name="logoutFromAdmin" duration-ms="2823" started-at="2020-06-26T08:06:35Z" description="logout from application" finished-at="2020-06-26T08:06:37Z">
          <reporter-output>
          </reporter-output>
        </test-method> <!-- logoutFromAdmin -->
        <test-method status="PASS" signature="tearDownReport(org.testng.ITestResult)[pri:0, instance:com.qa.orangehrm.testcases.UsersPageTest@ff5b51f]" name="tearDownReport" is-config="true" duration-ms="677" started-at="2020-06-26T08:06:37Z" finished-at="2020-06-26T08:06:38Z">
          <params>
            <param index="0">
              <value>
                <![CDATA[[TestResult name=logoutFromAdmin status=SUCCESS method=UsersPageTest.logoutFromAdmin()[pri:5, instance:com.qa.orangehrm.testcases.UsersPageTest@ff5b51f] output={null}]]]>
              </value>
            </param>
          </params>
          <reporter-output>
          </reporter-output>
        </test-method> <!-- tearDownReport -->
        <test-method status="PASS" signature="closeSession()[pri:0, instance:com.qa.orangehrm.testcases.UsersPageTest@ff5b51f]" name="closeSession" is-config="true" duration-ms="810" started-at="2020-06-26T08:06:38Z" finished-at="2020-06-26T08:06:39Z">
          <reporter-output>
          </reporter-output>
        </test-method> <!-- closeSession -->
      </class> <!-- com.qa.orangehrm.testcases.UsersPageTest -->
    </test> <!-- Default test -->
  </suite> <!-- Default suite -->
</testng-results>
